<?xml version="1.0" encoding="UTF-8"?>
<!-- Generated by org.testng.reporters.JUnitReportReporter -->
<testsuite hostname="DESKTOP-D43DBP7" failures="0" tests="2" name="maventutorial.AppiumTest" time="0.016" errors="0" timestamp="2020-05-05T15:34:19 IST" skipped="0">
  <testcase classname="maventutorial.AppiumTest" name="NativeAppAndroid" time="0.003"/>
  <system-out/>
  <testcase classname="maventutorial.AppiumTest" name="IOSApps" time="0.013"/>
  <system-out/>
</testsuite> <!-- maventutorial.AppiumTest -->
