<?xml version="1.0" encoding="UTF-8"?>
<!-- Generated by org.testng.reporters.JUnitReportReporter -->
<testsuite hostname="DESKTOP-D43DBP7" failures="0" tests="2" name="maventutorial.SeleniumTest" time="0.015" errors="0" timestamp="2020-05-05T16:17:30 IST" skipped="0">
  <testcase classname="maventutorial.SeleniumTest" name="BrowserAutomation" time="0.013"/>
  <system-out/>
  <testcase classname="maventutorial.SeleniumTest" name="elementsUI" time="0.002"/>
  <system-out/>
</testsuite> <!-- maventutorial.SeleniumTest -->
