<?xml version="1.0" encoding="UTF-8"?>
<!-- Generated by org.testng.reporters.JUnitReportReporter -->
<testsuite hostname="DESKTOP-D43DBP7" failures="0" tests="2" name="maventutorial.RestAPITest" time="0.006" errors="0" timestamp="2020-05-05T16:17:30 IST" skipped="0">
  <testcase classname="maventutorial.RestAPITest" name="deleteTwitter" time="0.002"/>
  <system-out/>
  <testcase classname="maventutorial.RestAPITest" name="postJira" time="0.004"/>
  <system-out/>
</testsuite> <!-- maventutorial.RestAPITest -->
