<?xml version="1.0" encoding="UTF-8"?>
<!-- Generated by org.testng.reporters.JUnitReportReporter -->
<testsuite hostname="DESKTOP-D43DBP7" failures="0" tests="2" name="maventutorial.AppiumTest" time="0.001" errors="0" timestamp="2020-05-05T16:54:46 IST" skipped="0">
  <testcase classname="maventutorial.AppiumTest" name="IOSApps" time="0.001"/>
  <system-out/>
  <testcase classname="maventutorial.AppiumTest" name="NativeAppAndroid" time="0.000"/>
  <system-out/>
</testsuite> <!-- maventutorial.AppiumTest -->
