<?xml version="1.0" encoding="UTF-8"?>
<!-- Generated by org.testng.reporters.JUnitReportReporter -->
<testsuite hostname="DESKTOP-D43DBP7" failures="0" tests="2" name="maventutorial.SeleniumTest" time="0.005" errors="0" timestamp="2020-05-05T16:54:46 IST" skipped="0">
  <testcase classname="maventutorial.SeleniumTest" name="elementsUI" time="0.000"/>
  <system-out/>
  <testcase classname="maventutorial.SeleniumTest" name="BrowserAutomation" time="0.005"/>
  <system-out/>
</testsuite> <!-- maventutorial.SeleniumTest -->
